   1               		.file	"keymap_poker.c"
   2               	__SP_H__ = 0x3e
   3               	__SP_L__ = 0x3d
   4               	__SREG__ = 0x3f
   5               	__tmp_reg__ = 0
   6               	__zero_reg__ = 1
   7               		.text
   8               	.Ltext0:
   9               		.cfi_sections	.debug_frame
  10               	.global	fn_actions
  11               		.section	.progmem.data.fn_actions,"a",@progbits
  14               	fn_actions:
  15 0000 F1A6      		.word	-22799
  16 0002 218A      		.word	-30175
  17 0004 228A      		.word	-30174
  18 0006 2913      		.word	4905
  19 0008 F1A7      		.word	-22543
  20 000a 018C      		.word	-29695
  21 000c 028C      		.word	-29694
  22 000e 048C      		.word	-29692
  23 0010 088C      		.word	-29688
  24               	.global	keymaps
  25               		.section	.progmem.data.keymaps,"a",@progbits
  28               	keymaps:
  29 0000 29        		.byte	41
  30 0001 1E        		.byte	30
  31 0002 1F        		.byte	31
  32 0003 20        		.byte	32
  33 0004 21        		.byte	33
  34 0005 22        		.byte	34
  35 0006 23        		.byte	35
  36 0007 24        		.byte	36
  37 0008 25        		.byte	37
  38 0009 26        		.byte	38
  39 000a 27        		.byte	39
  40 000b 2D        		.byte	45
  41 000c 2E        		.byte	46
  42 000d 2A        		.byte	42
  43 000e 2B        		.byte	43
  44 000f 14        		.byte	20
  45 0010 1A        		.byte	26
  46 0011 08        		.byte	8
  47 0012 15        		.byte	21
  48 0013 17        		.byte	23
  49 0014 1C        		.byte	28
  50 0015 18        		.byte	24
  51 0016 0C        		.byte	12
  52 0017 12        		.byte	18
  53 0018 13        		.byte	19
  54 0019 2F        		.byte	47
  55 001a 30        		.byte	48
  56 001b 31        		.byte	49
  57 001c 39        		.byte	57
  58 001d 04        		.byte	4
  59 001e 16        		.byte	22
  60 001f 07        		.byte	7
  61 0020 09        		.byte	9
  62 0021 0A        		.byte	10
  63 0022 0B        		.byte	11
  64 0023 0D        		.byte	13
  65 0024 0E        		.byte	14
  66 0025 0F        		.byte	15
  67 0026 33        		.byte	51
  68 0027 34        		.byte	52
  69 0028 00        		.byte	0
  70 0029 28        		.byte	40
  71 002a E1        		.byte	-31
  72 002b 00        		.byte	0
  73 002c 1D        		.byte	29
  74 002d 1B        		.byte	27
  75 002e 06        		.byte	6
  76 002f 19        		.byte	25
  77 0030 05        		.byte	5
  78 0031 11        		.byte	17
  79 0032 10        		.byte	16
  80 0033 36        		.byte	54
  81 0034 37        		.byte	55
  82 0035 38        		.byte	56
  83 0036 52        		.byte	82
  84 0037 E5        		.byte	-27
  85 0038 E0        		.byte	-32
  86 0039 E3        		.byte	-29
  87 003a E2        		.byte	-30
  88 003b 00        		.byte	0
  89 003c 00        		.byte	0
  90 003d 2C        		.byte	44
  91 003e 00        		.byte	0
  92 003f 00        		.byte	0
  93 0040 00        		.byte	0
  94 0041 4C        		.byte	76
  95 0042 C0        		.byte	-64
  96 0043 50        		.byte	80
  97 0044 51        		.byte	81
  98 0045 4F        		.byte	79
  99 0046 35        		.byte	53
 100 0047 1E        		.byte	30
 101 0048 1F        		.byte	31
 102 0049 20        		.byte	32
 103 004a 21        		.byte	33
 104 004b 22        		.byte	34
 105 004c 23        		.byte	35
 106 004d 24        		.byte	36
 107 004e 25        		.byte	37
 108 004f 26        		.byte	38
 109 0050 27        		.byte	39
 110 0051 2D        		.byte	45
 111 0052 2E        		.byte	46
 112 0053 2A        		.byte	42
 113 0054 2B        		.byte	43
 114 0055 14        		.byte	20
 115 0056 1A        		.byte	26
 116 0057 09        		.byte	9
 117 0058 13        		.byte	19
 118 0059 0A        		.byte	10
 119 005a 0D        		.byte	13
 120 005b 0F        		.byte	15
 121 005c 18        		.byte	24
 122 005d 1C        		.byte	28
 123 005e 33        		.byte	51
 124 005f 2F        		.byte	47
 125 0060 30        		.byte	48
 126 0061 31        		.byte	49
 127 0062 2A        		.byte	42
 128 0063 04        		.byte	4
 129 0064 15        		.byte	21
 130 0065 16        		.byte	22
 131 0066 17        		.byte	23
 132 0067 07        		.byte	7
 133 0068 0B        		.byte	11
 134 0069 11        		.byte	17
 135 006a 08        		.byte	8
 136 006b 0C        		.byte	12
 137 006c 12        		.byte	18
 138 006d 34        		.byte	52
 139 006e 00        		.byte	0
 140 006f 28        		.byte	40
 141 0070 E1        		.byte	-31
 142 0071 00        		.byte	0
 143 0072 1D        		.byte	29
 144 0073 1B        		.byte	27
 145 0074 06        		.byte	6
 146 0075 19        		.byte	25
 147 0076 05        		.byte	5
 148 0077 0E        		.byte	14
 149 0078 10        		.byte	16
 150 0079 36        		.byte	54
 151 007a 37        		.byte	55
 152 007b 38        		.byte	56
 153 007c 52        		.byte	82
 154 007d E5        		.byte	-27
 155 007e E0        		.byte	-32
 156 007f E3        		.byte	-29
 157 0080 E2        		.byte	-30
 158 0081 00        		.byte	0
 159 0082 00        		.byte	0
 160 0083 2C        		.byte	44
 161 0084 00        		.byte	0
 162 0085 00        		.byte	0
 163 0086 00        		.byte	0
 164 0087 4C        		.byte	76
 165 0088 C0        		.byte	-64
 166 0089 4A        		.byte	74
 167 008a 4E        		.byte	78
 168 008b 4D        		.byte	77
 169 008c 35        		.byte	53
 170 008d 1E        		.byte	30
 171 008e 1F        		.byte	31
 172 008f 20        		.byte	32
 173 0090 21        		.byte	33
 174 0091 22        		.byte	34
 175 0092 23        		.byte	35
 176 0093 24        		.byte	36
 177 0094 25        		.byte	37
 178 0095 26        		.byte	38
 179 0096 27        		.byte	39
 180 0097 2F        		.byte	47
 181 0098 30        		.byte	48
 182 0099 2A        		.byte	42
 183 009a 2B        		.byte	43
 184 009b 34        		.byte	52
 185 009c 36        		.byte	54
 186 009d 37        		.byte	55
 187 009e 13        		.byte	19
 188 009f 1C        		.byte	28
 189 00a0 09        		.byte	9
 190 00a1 0A        		.byte	10
 191 00a2 06        		.byte	6
 192 00a3 15        		.byte	21
 193 00a4 0F        		.byte	15
 194 00a5 38        		.byte	56
 195 00a6 2E        		.byte	46
 196 00a7 31        		.byte	49
 197 00a8 39        		.byte	57
 198 00a9 04        		.byte	4
 199 00aa 12        		.byte	18
 200 00ab 08        		.byte	8
 201 00ac 18        		.byte	24
 202 00ad 0C        		.byte	12
 203 00ae 07        		.byte	7
 204 00af 0B        		.byte	11
 205 00b0 17        		.byte	23
 206 00b1 11        		.byte	17
 207 00b2 16        		.byte	22
 208 00b3 2D        		.byte	45
 209 00b4 00        		.byte	0
 210 00b5 28        		.byte	40
 211 00b6 E1        		.byte	-31
 212 00b7 00        		.byte	0
 213 00b8 33        		.byte	51
 214 00b9 14        		.byte	20
 215 00ba 0D        		.byte	13
 216 00bb 0E        		.byte	14
 217 00bc 1B        		.byte	27
 218 00bd 05        		.byte	5
 219 00be 10        		.byte	16
 220 00bf 1A        		.byte	26
 221 00c0 19        		.byte	25
 222 00c1 1D        		.byte	29
 223 00c2 52        		.byte	82
 224 00c3 E5        		.byte	-27
 225 00c4 E0        		.byte	-32
 226 00c5 E3        		.byte	-29
 227 00c6 E2        		.byte	-30
 228 00c7 00        		.byte	0
 229 00c8 00        		.byte	0
 230 00c9 2C        		.byte	44
 231 00ca 00        		.byte	0
 232 00cb 00        		.byte	0
 233 00cc 00        		.byte	0
 234 00cd 4C        		.byte	76
 235 00ce C0        		.byte	-64
 236 00cf E7        		.byte	-25
 237 00d0 65        		.byte	101
 238 00d1 E4        		.byte	-28
 239 00d2 35        		.byte	53
 240 00d3 1E        		.byte	30
 241 00d4 1F        		.byte	31
 242 00d5 20        		.byte	32
 243 00d6 21        		.byte	33
 244 00d7 22        		.byte	34
 245 00d8 23        		.byte	35
 246 00d9 24        		.byte	36
 247 00da 25        		.byte	37
 248 00db 26        		.byte	38
 249 00dc 27        		.byte	39
 250 00dd 2D        		.byte	45
 251 00de 2E        		.byte	46
 252 00df 2A        		.byte	42
 253 00e0 2B        		.byte	43
 254 00e1 14        		.byte	20
 255 00e2 07        		.byte	7
 256 00e3 15        		.byte	21
 257 00e4 1A        		.byte	26
 258 00e5 05        		.byte	5
 259 00e6 0D        		.byte	13
 260 00e7 09        		.byte	9
 261 00e8 18        		.byte	24
 262 00e9 13        		.byte	19
 263 00ea 33        		.byte	51
 264 00eb 2F        		.byte	47
 265 00ec 30        		.byte	48
 266 00ed 31        		.byte	49
 267 00ee 2A        		.byte	42
 268 00ef 04        		.byte	4
 269 00f0 16        		.byte	22
 270 00f1 0B        		.byte	11
 271 00f2 17        		.byte	23
 272 00f3 0A        		.byte	10
 273 00f4 1C        		.byte	28
 274 00f5 11        		.byte	17
 275 00f6 08        		.byte	8
 276 00f7 12        		.byte	18
 277 00f8 0C        		.byte	12
 278 00f9 34        		.byte	52
 279 00fa 00        		.byte	0
 280 00fb 28        		.byte	40
 281 00fc E1        		.byte	-31
 282 00fd 00        		.byte	0
 283 00fe 1D        		.byte	29
 284 00ff 1B        		.byte	27
 285 0100 10        		.byte	16
 286 0101 06        		.byte	6
 287 0102 19        		.byte	25
 288 0103 0E        		.byte	14
 289 0104 0F        		.byte	15
 290 0105 36        		.byte	54
 291 0106 37        		.byte	55
 292 0107 38        		.byte	56
 293 0108 52        		.byte	82
 294 0109 E5        		.byte	-27
 295 010a E0        		.byte	-32
 296 010b E3        		.byte	-29
 297 010c E2        		.byte	-30
 298 010d 00        		.byte	0
 299 010e 00        		.byte	0
 300 010f 2C        		.byte	44
 301 0110 00        		.byte	0
 302 0111 00        		.byte	0
 303 0112 00        		.byte	0
 304 0113 4C        		.byte	76
 305 0114 C0        		.byte	-64
 306 0115 E7        		.byte	-25
 307 0116 65        		.byte	101
 308 0117 E4        		.byte	-28
 309 0118 01        		.byte	1
 310 0119 01        		.byte	1
 311 011a 01        		.byte	1
 312 011b 01        		.byte	1
 313 011c 01        		.byte	1
 314 011d 01        		.byte	1
 315 011e 01        		.byte	1
 316 011f 01        		.byte	1
 317 0120 01        		.byte	1
 318 0121 01        		.byte	1
 319 0122 01        		.byte	1
 320 0123 01        		.byte	1
 321 0124 01        		.byte	1
 322 0125 01        		.byte	1
 323 0126 01        		.byte	1
 324 0127 01        		.byte	1
 325 0128 01        		.byte	1
 326 0129 01        		.byte	1
 327 012a 01        		.byte	1
 328 012b 01        		.byte	1
 329 012c 01        		.byte	1
 330 012d 01        		.byte	1
 331 012e 01        		.byte	1
 332 012f 01        		.byte	1
 333 0130 01        		.byte	1
 334 0131 01        		.byte	1
 335 0132 01        		.byte	1
 336 0133 01        		.byte	1
 337 0134 01        		.byte	1
 338 0135 01        		.byte	1
 339 0136 01        		.byte	1
 340 0137 01        		.byte	1
 341 0138 01        		.byte	1
 342 0139 01        		.byte	1
 343 013a 01        		.byte	1
 344 013b 01        		.byte	1
 345 013c 01        		.byte	1
 346 013d 01        		.byte	1
 347 013e 01        		.byte	1
 348 013f 01        		.byte	1
 349 0140 00        		.byte	0
 350 0141 01        		.byte	1
 351 0142 01        		.byte	1
 352 0143 00        		.byte	0
 353 0144 01        		.byte	1
 354 0145 01        		.byte	1
 355 0146 01        		.byte	1
 356 0147 01        		.byte	1
 357 0148 01        		.byte	1
 358 0149 01        		.byte	1
 359 014a 01        		.byte	1
 360 014b 01        		.byte	1
 361 014c 01        		.byte	1
 362 014d 01        		.byte	1
 363 014e 52        		.byte	82
 364 014f E5        		.byte	-27
 365 0150 01        		.byte	1
 366 0151 01        		.byte	1
 367 0152 01        		.byte	1
 368 0153 00        		.byte	0
 369 0154 00        		.byte	0
 370 0155 01        		.byte	1
 371 0156 00        		.byte	0
 372 0157 00        		.byte	0
 373 0158 00        		.byte	0
 374 0159 01        		.byte	1
 375 015a 01        		.byte	1
 376 015b 50        		.byte	80
 377 015c 51        		.byte	81
 378 015d 4F        		.byte	79
 379 015e 29        		.byte	41
 380 015f 01        		.byte	1
 381 0160 01        		.byte	1
 382 0161 01        		.byte	1
 383 0162 01        		.byte	1
 384 0163 01        		.byte	1
 385 0164 01        		.byte	1
 386 0165 01        		.byte	1
 387 0166 01        		.byte	1
 388 0167 01        		.byte	1
 389 0168 01        		.byte	1
 390 0169 01        		.byte	1
 391 016a 01        		.byte	1
 392 016b 01        		.byte	1
 393 016c 01        		.byte	1
 394 016d 01        		.byte	1
 395 016e 01        		.byte	1
 396 016f 01        		.byte	1
 397 0170 01        		.byte	1
 398 0171 01        		.byte	1
 399 0172 01        		.byte	1
 400 0173 01        		.byte	1
 401 0174 01        		.byte	1
 402 0175 01        		.byte	1
 403 0176 01        		.byte	1
 404 0177 01        		.byte	1
 405 0178 01        		.byte	1
 406 0179 01        		.byte	1
 407 017a 01        		.byte	1
 408 017b 01        		.byte	1
 409 017c 01        		.byte	1
 410 017d 01        		.byte	1
 411 017e 01        		.byte	1
 412 017f 01        		.byte	1
 413 0180 01        		.byte	1
 414 0181 01        		.byte	1
 415 0182 01        		.byte	1
 416 0183 01        		.byte	1
 417 0184 01        		.byte	1
 418 0185 01        		.byte	1
 419 0186 00        		.byte	0
 420 0187 01        		.byte	1
 421 0188 01        		.byte	1
 422 0189 00        		.byte	0
 423 018a 01        		.byte	1
 424 018b 01        		.byte	1
 425 018c 01        		.byte	1
 426 018d 01        		.byte	1
 427 018e 01        		.byte	1
 428 018f 01        		.byte	1
 429 0190 01        		.byte	1
 430 0191 01        		.byte	1
 431 0192 01        		.byte	1
 432 0193 01        		.byte	1
 433 0194 01        		.byte	1
 434 0195 01        		.byte	1
 435 0196 01        		.byte	1
 436 0197 01        		.byte	1
 437 0198 01        		.byte	1
 438 0199 00        		.byte	0
 439 019a 00        		.byte	0
 440 019b 01        		.byte	1
 441 019c 00        		.byte	0
 442 019d 00        		.byte	0
 443 019e 00        		.byte	0
 444 019f 01        		.byte	1
 445 01a0 01        		.byte	1
 446 01a1 01        		.byte	1
 447 01a2 01        		.byte	1
 448 01a3 01        		.byte	1
 449 01a4 35        		.byte	53
 450 01a5 3A        		.byte	58
 451 01a6 3B        		.byte	59
 452 01a7 3C        		.byte	60
 453 01a8 3D        		.byte	61
 454 01a9 3E        		.byte	62
 455 01aa 3F        		.byte	63
 456 01ab 40        		.byte	64
 457 01ac 41        		.byte	65
 458 01ad 42        		.byte	66
 459 01ae 43        		.byte	67
 460 01af 44        		.byte	68
 461 01b0 45        		.byte	69
 462 01b1 4C        		.byte	76
 463 01b2 35        		.byte	53
 464 01b3 01        		.byte	1
 465 01b4 52        		.byte	82
 466 01b5 01        		.byte	1
 467 01b6 01        		.byte	1
 468 01b7 01        		.byte	1
 469 01b8 01        		.byte	1
 470 01b9 01        		.byte	1
 471 01ba 01        		.byte	1
 472 01bb B2        		.byte	-78
 473 01bc 01        		.byte	1
 474 01bd 4A        		.byte	74
 475 01be 49        		.byte	73
 476 01bf 01        		.byte	1
 477 01c0 01        		.byte	1
 478 01c1 50        		.byte	80
 479 01c2 51        		.byte	81
 480 01c3 4F        		.byte	79
 481 01c4 01        		.byte	1
 482 01c5 01        		.byte	1
 483 01c6 46        		.byte	70
 484 01c7 47        		.byte	71
 485 01c8 48        		.byte	72
 486 01c9 01        		.byte	1
 487 01ca 01        		.byte	1
 488 01cb 4D        		.byte	77
 489 01cc 00        		.byte	0
 490 01cd 01        		.byte	1
 491 01ce 01        		.byte	1
 492 01cf 00        		.byte	0
 493 01d0 4C        		.byte	76
 494 01d1 01        		.byte	1
 495 01d2 B5        		.byte	-75
 496 01d3 A8        		.byte	-88
 497 01d4 A9        		.byte	-87
 498 01d5 AA        		.byte	-86
 499 01d6 01        		.byte	1
 500 01d7 4B        		.byte	75
 501 01d8 4E        		.byte	78
 502 01d9 4C        		.byte	76
 503 01da 4B        		.byte	75
 504 01db 01        		.byte	1
 505 01dc 01        		.byte	1
 506 01dd 01        		.byte	1
 507 01de 01        		.byte	1
 508 01df 00        		.byte	0
 509 01e0 00        		.byte	0
 510 01e1 C1        		.byte	-63
 511 01e2 00        		.byte	0
 512 01e3 00        		.byte	0
 513 01e4 00        		.byte	0
 514 01e5 01        		.byte	1
 515 01e6 01        		.byte	1
 516 01e7 4A        		.byte	74
 517 01e8 4E        		.byte	78
 518 01e9 4D        		.byte	77
 519 01ea C5        		.byte	-59
 520 01eb C6        		.byte	-58
 521 01ec C7        		.byte	-57
 522 01ed C8        		.byte	-56
 523 01ee 01        		.byte	1
 524 01ef 01        		.byte	1
 525 01f0 01        		.byte	1
 526 01f1 01        		.byte	1
 527 01f2 01        		.byte	1
 528 01f3 01        		.byte	1
 529 01f4 01        		.byte	1
 530 01f5 01        		.byte	1
 531 01f6 01        		.byte	1
 532 01f7 01        		.byte	1
 533 01f8 01        		.byte	1
 534 01f9 C5        		.byte	-59
 535 01fa C8        		.byte	-56
 536 01fb 01        		.byte	1
 537 01fc 01        		.byte	1
 538 01fd 01        		.byte	1
 539 01fe 01        		.byte	1
 540 01ff 01        		.byte	1
 541 0200 01        		.byte	1
 542 0201 01        		.byte	1
 543 0202 01        		.byte	1
 544 0203 01        		.byte	1
 545 0204 01        		.byte	1
 546 0205 01        		.byte	1
 547 0206 01        		.byte	1
 548 0207 01        		.byte	1
 549 0208 01        		.byte	1
 550 0209 C7        		.byte	-57
 551 020a 01        		.byte	1
 552 020b 01        		.byte	1
 553 020c 01        		.byte	1
 554 020d 01        		.byte	1
 555 020e 01        		.byte	1
 556 020f 01        		.byte	1
 557 0210 01        		.byte	1
 558 0211 01        		.byte	1
 559 0212 00        		.byte	0
 560 0213 01        		.byte	1
 561 0214 01        		.byte	1
 562 0215 00        		.byte	0
 563 0216 01        		.byte	1
 564 0217 01        		.byte	1
 565 0218 C6        		.byte	-58
 566 0219 01        		.byte	1
 567 021a 01        		.byte	1
 568 021b 01        		.byte	1
 569 021c 01        		.byte	1
 570 021d 01        		.byte	1
 571 021e 01        		.byte	1
 572 021f 01        		.byte	1
 573 0220 01        		.byte	1
 574 0221 01        		.byte	1
 575 0222 01        		.byte	1
 576 0223 01        		.byte	1
 577 0224 01        		.byte	1
 578 0225 00        		.byte	0
 579 0226 00        		.byte	0
 580 0227 01        		.byte	1
 581 0228 00        		.byte	0
 582 0229 00        		.byte	0
 583 022a 00        		.byte	0
 584 022b 01        		.byte	1
 585 022c 01        		.byte	1
 586 022d 01        		.byte	1
 587 022e 01        		.byte	1
 588 022f 01        		.byte	1
 589               		.comm	keymap_config,1,1
 590               		.text
 591               	.Letext0:
 592               		.file 1 "/usr/avr/include/stdint.h"
 593               		.file 2 "../../tmk_core/common/keycode.h"
 594               		.file 3 "../../tmk_core/common/action_code.h"
 595               		.file 4 "../../tmk_core/common/keymap.h"
 596               		.file 5 "../../tmk_core/protocol/lufa/LUFA-git/LUFA/Drivers/USB/Core/USBTask.h"
 597               		.file 6 "keymap_poker.c"
DEFINED SYMBOLS
                            *ABS*:0000000000000000 keymap_poker.c
     /tmp/ccoxtchS.s:2      *ABS*:000000000000003e __SP_H__
     /tmp/ccoxtchS.s:3      *ABS*:000000000000003d __SP_L__
     /tmp/ccoxtchS.s:4      *ABS*:000000000000003f __SREG__
     /tmp/ccoxtchS.s:5      *ABS*:0000000000000000 __tmp_reg__
     /tmp/ccoxtchS.s:6      *ABS*:0000000000000001 __zero_reg__
     /tmp/ccoxtchS.s:14     .progmem.data.fn_actions:0000000000000000 fn_actions
     /tmp/ccoxtchS.s:28     .progmem.data.keymaps:0000000000000000 keymaps
                            *COM*:0000000000000001 keymap_config

UNDEFINED SYMBOLS
__do_clear_bss
